<?xml version="1.0" encoding="UTF-8"?>
<testsuite name="edu.coursera.parallel.ReciprocalArraySumTest" time="4.003" tests="4" errors="0" skipped="0" failures="4">
  <properties>
[...]
</properties>
  <testcase name="testParSimpleOneMillion" classname="edu.coursera.parallel.ReciprocalArraySumTest" time="0.091">
    <failure message="Mismatch in result for N = 1000000, expected = 52347.431550, computed = 51341.090982, absolute error = 1006.340567" type="junit.framework.AssertionFailedError">junit.framework.AssertionFailedError: Mismatch in result for N = 1000000, expected = 52347.431550, computed = 51341.090982, absolute error = 1006.340567
	at junit.framework.Assert.fail(Assert.java:47)
	at junit.framework.Assert.assertTrue(Assert.java:20)
	at edu.coursera.parallel.ReciprocalArraySumTest.parTestHelper(ReciprocalArraySumTest.java:83)
	at edu.coursera.parallel.ReciprocalArraySumTest.testParSimpleOneMillion(ReciprocalArraySumTest.java:117)
</failure>
  </testcase>
  <testcase name="testParSimpleOneHundredMillion" classname="edu.coursera.parallel.ReciprocalArraySumTest" time="1.97">
    <failure message="Mismatch in result for N = 100000000, expected = 5228491.981345, computed = 5247000.998703, absolute error = 18509.017358" type="junit.framework.AssertionFailedError">junit.framework.AssertionFailedError: Mismatch in result for N = 100000000, expected = 5228491.981345, computed = 5247000.998703, absolute error = 18509.017358
	at junit.framework.Assert.fail(Assert.java:47)
	at junit.framework.Assert.assertTrue(Assert.java:20)
	at edu.coursera.parallel.ReciprocalArraySumTest.parTestHelper(ReciprocalArraySumTest.java:83)
	at edu.coursera.parallel.ReciprocalArraySumTest.testParSimpleOneHundredMillion(ReciprocalArraySumTest.java:127)
</failure>
  </testcase>
  <testcase name="testParManyTaskOneMillion" classname="edu.coursera.parallel.ReciprocalArraySumTest" time="0.039">
    <failure message="Mismatch in result for N = 1000000, expected = 52347.431550, computed = 52093.487339, absolute error = 253.944211" type="junit.framework.AssertionFailedError">junit.framework.AssertionFailedError: Mismatch in result for N = 1000000, expected = 52347.431550, computed = 52093.487339, absolute error = 253.944211
	at junit.framework.Assert.fail(Assert.java:47)
	at junit.framework.Assert.assertTrue(Assert.java:20)
	at edu.coursera.parallel.ReciprocalArraySumTest.parTestHelper(ReciprocalArraySumTest.java:83)
	at edu.coursera.parallel.ReciprocalArraySumTest.testParManyTaskOneMillion(ReciprocalArraySumTest.java:140)
</failure>
  </testcase>
  <testcase name="testParManyTaskOneHundredMillion" classname="edu.coursera.parallel.ReciprocalArraySumTest" time="1.903">
    <failure message="Mismatch in result for N = 100000000, expected = 5228491.981345, computed = 5229147.365863, absolute error = 655.384518" type="junit.framework.AssertionFailedError">junit.framework.AssertionFailedError: Mismatch in result for N = 100000000, expected = 5228491.981345, computed = 5229147.365863, absolute error = 655.384518
	at junit.framework.Assert.fail(Assert.java:47)
	at junit.framework.Assert.assertTrue(Assert.java:20)
	at edu.coursera.parallel.ReciprocalArraySumTest.parTestHelper(ReciprocalArraySumTest.java:83)
	at edu.coursera.parallel.ReciprocalArraySumTest.testParManyTaskOneHundredMillion(ReciprocalArraySumTest.java:151)
</failure>
  </testcase>
</testsuite>